

Started GET "/" for 127.0.0.1 at 2014-04-06 13:19:38 -0400
Processing by Rails::WelcomeController#index as HTML
  Rendered /home/me/.rvm/gems/ruby-2.0.0-p451/gems/railties-4.0.4/lib/rails/templates/rails/welcome/index.html.erb (7.3ms)
Completed 200 OK in 83ms (Views: 30.4ms | ActiveRecord: 0.0ms)


Started GET "/" for 192.168.0.2 at 2014-04-06 13:19:48 -0400
Processing by Rails::WelcomeController#index as HTML
  Rendered /home/me/.rvm/gems/ruby-2.0.0-p451/gems/railties-4.0.4/lib/rails/templates/rails/welcome/index.html.erb (0.2ms)
Completed 200 OK in 4ms (Views: 3.3ms | ActiveRecord: 0.0ms)


Started GET "/" for 192.168.0.2 at 2014-04-06 13:22:48 -0400
Processing by WelcomeController#index as HTML
  Rendered welcome/index.html.erb within layouts/application (2.0ms)
Completed 200 OK in 918ms (Views: 884.0ms | ActiveRecord: 0.0ms)


Started GET "/assets/application.css?body=1" for 192.168.0.2 at 2014-04-06 13:22:50 -0400


Started GET "/assets/welcome.css?body=1" for 192.168.0.2 at 2014-04-06 13:22:50 -0400


Started GET "/assets/jquery.js?body=1" for 192.168.0.2 at 2014-04-06 13:22:50 -0400


Started GET "/assets/application.js?body=1" for 192.168.0.2 at 2014-04-06 13:22:50 -0400


Started GET "/assets/jquery_ujs.js?body=1" for 192.168.0.2 at 2014-04-06 13:22:50 -0400


Started GET "/assets/welcome.js?body=1" for 192.168.0.2 at 2014-04-06 13:22:50 -0400


Started GET "/assets/turbolinks.js?body=1" for 192.168.0.2 at 2014-04-06 13:22:50 -0400


Started GET "/" for 192.168.0.2 at 2014-04-06 13:38:06 -0400
Processing by WelcomeController#index as HTML
  Rendered welcome/index.html.erb within layouts/application (2.0ms)
Completed 200 OK in 139ms (Views: 105.1ms | ActiveRecord: 0.0ms)


Started GET "/assets/application.css?body=1" for 192.168.0.2 at 2014-04-06 13:38:07 -0400


Started GET "/assets/jquery.js?body=1" for 192.168.0.2 at 2014-04-06 13:38:07 -0400


Started GET "/assets/welcome.css?body=1" for 192.168.0.2 at 2014-04-06 13:38:07 -0400


Started GET "/assets/welcome.js?body=1" for 192.168.0.2 at 2014-04-06 13:38:07 -0400


Started GET "/assets/turbolinks.js?body=1" for 192.168.0.2 at 2014-04-06 13:38:07 -0400


Started GET "/assets/jquery_ujs.js?body=1" for 192.168.0.2 at 2014-04-06 13:38:07 -0400


Started GET "/assets/application.js?body=1" for 192.168.0.2 at 2014-04-06 13:38:07 -0400


Started GET "/" for 192.168.0.2 at 2014-04-06 13:53:29 -0400
Processing by WelcomeController#index as HTML
  Rendered welcome/index.html.erb within layouts/application (2.0ms)
Completed 200 OK in 138ms (Views: 104.0ms | ActiveRecord: 0.0ms)


Started GET "/assets/application.css?body=1" for 192.168.0.2 at 2014-04-06 13:53:30 -0400


Started GET "/assets/welcome.css?body=1" for 192.168.0.2 at 2014-04-06 13:53:30 -0400


Started GET "/assets/jquery_ujs.js?body=1" for 192.168.0.2 at 2014-04-06 13:53:30 -0400


Started GET "/assets/turbolinks.js?body=1" for 192.168.0.2 at 2014-04-06 13:53:30 -0400


Started GET "/assets/jquery.js?body=1" for 192.168.0.2 at 2014-04-06 13:53:30 -0400


Started GET "/assets/application.js?body=1" for 192.168.0.2 at 2014-04-06 13:53:30 -0400


Started GET "/assets/welcome.js?body=1" for 192.168.0.2 at 2014-04-06 13:53:30 -0400


Started GET "/articles/new" for 192.168.0.2 at 2014-04-06 13:53:37 -0400

ActionController::RoutingError (uninitialized constant ArticlesController):
  activesupport (4.0.4) lib/active_support/inflector/methods.rb:226:in `const_get'
  activesupport (4.0.4) lib/active_support/inflector/methods.rb:226:in `block in constantize'
  activesupport (4.0.4) lib/active_support/inflector/methods.rb:224:in `each'
  activesupport (4.0.4) lib/active_support/inflector/methods.rb:224:in `inject'
  activesupport (4.0.4) lib/active_support/inflector/methods.rb:224:in `constantize'
  actionpack (4.0.4) lib/action_dispatch/routing/route_set.rb:76:in `controller_reference'
  actionpack (4.0.4) lib/action_dispatch/routing/route_set.rb:66:in `controller'
  actionpack (4.0.4) lib/action_dispatch/routing/route_set.rb:44:in `call'
  actionpack (4.0.4) lib/action_dispatch/journey/router.rb:71:in `block in call'
  actionpack (4.0.4) lib/action_dispatch/journey/router.rb:59:in `each'
  actionpack (4.0.4) lib/action_dispatch/journey/router.rb:59:in `call'
  actionpack (4.0.4) lib/action_dispatch/routing/route_set.rb:674:in `call'
  rack (1.5.2) lib/rack/etag.rb:23:in `call'
  rack (1.5.2) lib/rack/conditionalget.rb:25:in `call'
  rack (1.5.2) lib/rack/head.rb:11:in `call'
  actionpack (4.0.4) lib/action_dispatch/middleware/params_parser.rb:27:in `call'
  actionpack (4.0.4) lib/action_dispatch/middleware/flash.rb:241:in `call'
  rack (1.5.2) lib/rack/session/abstract/id.rb:225:in `context'
  rack (1.5.2) lib/rack/session/abstract/id.rb:220:in `call'
  actionpack (4.0.4) lib/action_dispatch/middleware/cookies.rb:486:in `call'
  activerecord (4.0.4) lib/active_record/query_cache.rb:36:in `call'
  activerecord (4.0.4) lib/active_record/connection_adapters/abstract/connection_pool.rb:626:in `call'
  activerecord (4.0.4) lib/active_record/migration.rb:373:in `call'
  actionpack (4.0.4) lib/action_dispatch/middleware/callbacks.rb:29:in `block in call'
  activesupport (4.0.4) lib/active_support/callbacks.rb:373:in `_run__1382051274275488652__call__callbacks'
  activesupport (4.0.4) lib/active_support/callbacks.rb:80:in `run_callbacks'
  actionpack (4.0.4) lib/action_dispatch/middleware/callbacks.rb:27:in `call'
  actionpack (4.0.4) lib/action_dispatch/middleware/reloader.rb:64:in `call'
  actionpack (4.0.4) lib/action_dispatch/middleware/remote_ip.rb:76:in `call'
  actionpack (4.0.4) lib/action_dispatch/middleware/debug_exceptions.rb:17:in `call'
  actionpack (4.0.4) lib/action_dispatch/middleware/show_exceptions.rb:30:in `call'
  railties (4.0.4) lib/rails/rack/logger.rb:38:in `call_app'
  railties (4.0.4) lib/rails/rack/logger.rb:20:in `block in call'
  activesupport (4.0.4) lib/active_support/tagged_logging.rb:68:in `block in tagged'
  activesupport (4.0.4) lib/active_support/tagged_logging.rb:26:in `tagged'
  activesupport (4.0.4) lib/active_support/tagged_logging.rb:68:in `tagged'
  railties (4.0.4) lib/rails/rack/logger.rb:20:in `call'
  actionpack (4.0.4) lib/action_dispatch/middleware/request_id.rb:21:in `call'
  rack (1.5.2) lib/rack/methodoverride.rb:21:in `call'
  rack (1.5.2) lib/rack/runtime.rb:17:in `call'
  activesupport (4.0.4) lib/active_support/cache/strategy/local_cache.rb:83:in `call'
  rack (1.5.2) lib/rack/lock.rb:17:in `call'
  actionpack (4.0.4) lib/action_dispatch/middleware/static.rb:64:in `call'
  rack (1.5.2) lib/rack/sendfile.rb:112:in `call'
  railties (4.0.4) lib/rails/engine.rb:511:in `call'
  railties (4.0.4) lib/rails/application.rb:97:in `call'
  rack (1.5.2) lib/rack/lock.rb:17:in `call'
  rack (1.5.2) lib/rack/content_length.rb:14:in `call'
  rack (1.5.2) lib/rack/handler/webrick.rb:60:in `service'
  /home/me/.rvm/rubies/ruby-2.0.0-p451/lib/ruby/2.0.0/webrick/httpserver.rb:138:in `service'
  /home/me/.rvm/rubies/ruby-2.0.0-p451/lib/ruby/2.0.0/webrick/httpserver.rb:94:in `run'
  /home/me/.rvm/rubies/ruby-2.0.0-p451/lib/ruby/2.0.0/webrick/server.rb:295:in `block in start_thread'


  Rendered /home/me/.rvm/gems/ruby-2.0.0-p451/gems/actionpack-4.0.4/lib/action_dispatch/middleware/templates/rescues/_trace.erb (2.3ms)
  Rendered /home/me/.rvm/gems/ruby-2.0.0-p451/gems/actionpack-4.0.4/lib/action_dispatch/middleware/templates/routes/_route.html.erb (2.8ms)
  Rendered /home/me/.rvm/gems/ruby-2.0.0-p451/gems/actionpack-4.0.4/lib/action_dispatch/middleware/templates/routes/_table.html.erb (17.5ms)
  Rendered /home/me/.rvm/gems/ruby-2.0.0-p451/gems/actionpack-4.0.4/lib/action_dispatch/middleware/templates/rescues/routing_error.erb within rescues/layout (74.5ms)


Started GET "/articles/new" for 192.168.0.2 at 2014-04-06 13:54:20 -0400

AbstractController::ActionNotFound (The action 'new' could not be found for ArticlesController):
  actionpack (4.0.4) lib/abstract_controller/base.rb:131:in `process'
  actionpack (4.0.4) lib/abstract_controller/rendering.rb:44:in `process'
  actionpack (4.0.4) lib/action_controller/metal.rb:195:in `dispatch'
  actionpack (4.0.4) lib/action_controller/metal/rack_delegation.rb:13:in `dispatch'
  actionpack (4.0.4) lib/action_controller/metal.rb:231:in `block in action'
  actionpack (4.0.4) lib/action_dispatch/routing/route_set.rb:80:in `call'
  actionpack (4.0.4) lib/action_dispatch/routing/route_set.rb:80:in `dispatch'
  actionpack (4.0.4) lib/action_dispatch/routing/route_set.rb:48:in `call'
  actionpack (4.0.4) lib/action_dispatch/journey/router.rb:71:in `block in call'
  actionpack (4.0.4) lib/action_dispatch/journey/router.rb:59:in `each'
  actionpack (4.0.4) lib/action_dispatch/journey/router.rb:59:in `call'
  actionpack (4.0.4) lib/action_dispatch/routing/route_set.rb:674:in `call'
  rack (1.5.2) lib/rack/etag.rb:23:in `call'
  rack (1.5.2) lib/rack/conditionalget.rb:25:in `call'
  rack (1.5.2) lib/rack/head.rb:11:in `call'
  actionpack (4.0.4) lib/action_dispatch/middleware/params_parser.rb:27:in `call'
  actionpack (4.0.4) lib/action_dispatch/middleware/flash.rb:241:in `call'
  rack (1.5.2) lib/rack/session/abstract/id.rb:225:in `context'
  rack (1.5.2) lib/rack/session/abstract/id.rb:220:in `call'
  actionpack (4.0.4) lib/action_dispatch/middleware/cookies.rb:486:in `call'
  activerecord (4.0.4) lib/active_record/query_cache.rb:36:in `call'
  activerecord (4.0.4) lib/active_record/connection_adapters/abstract/connection_pool.rb:626:in `call'
  activerecord (4.0.4) lib/active_record/migration.rb:373:in `call'
  actionpack (4.0.4) lib/action_dispatch/middleware/callbacks.rb:29:in `block in call'
  activesupport (4.0.4) lib/active_support/callbacks.rb:373:in `_run__3398135570199664425__call__callbacks'
  activesupport (4.0.4) lib/active_support/callbacks.rb:80:in `run_callbacks'
  actionpack (4.0.4) lib/action_dispatch/middleware/callbacks.rb:27:in `call'
  actionpack (4.0.4) lib/action_dispatch/middleware/reloader.rb:64:in `call'
  actionpack (4.0.4) lib/action_dispatch/middleware/remote_ip.rb:76:in `call'
  actionpack (4.0.4) lib/action_dispatch/middleware/debug_exceptions.rb:17:in `call'
  actionpack (4.0.4) lib/action_dispatch/middleware/show_exceptions.rb:30:in `call'
  railties (4.0.4) lib/rails/rack/logger.rb:38:in `call_app'
  railties (4.0.4) lib/rails/rack/logger.rb:20:in `block in call'
  activesupport (4.0.4) lib/active_support/tagged_logging.rb:68:in `block in tagged'
  activesupport (4.0.4) lib/active_support/tagged_logging.rb:26:in `tagged'
  activesupport (4.0.4) lib/active_support/tagged_logging.rb:68:in `tagged'
  railties (4.0.4) lib/rails/rack/logger.rb:20:in `call'
  actionpack (4.0.4) lib/action_dispatch/middleware/request_id.rb:21:in `call'
  rack (1.5.2) lib/rack/methodoverride.rb:21:in `call'
  rack (1.5.2) lib/rack/runtime.rb:17:in `call'
  activesupport (4.0.4) lib/active_support/cache/strategy/local_cache.rb:83:in `call'
  rack (1.5.2) lib/rack/lock.rb:17:in `call'
  actionpack (4.0.4) lib/action_dispatch/middleware/static.rb:64:in `call'
  rack (1.5.2) lib/rack/sendfile.rb:112:in `call'
  railties (4.0.4) lib/rails/engine.rb:511:in `call'
  railties (4.0.4) lib/rails/application.rb:97:in `call'
  rack (1.5.2) lib/rack/lock.rb:17:in `call'
  rack (1.5.2) lib/rack/content_length.rb:14:in `call'
  rack (1.5.2) lib/rack/handler/webrick.rb:60:in `service'
  /home/me/.rvm/rubies/ruby-2.0.0-p451/lib/ruby/2.0.0/webrick/httpserver.rb:138:in `service'
  /home/me/.rvm/rubies/ruby-2.0.0-p451/lib/ruby/2.0.0/webrick/httpserver.rb:94:in `run'
  /home/me/.rvm/rubies/ruby-2.0.0-p451/lib/ruby/2.0.0/webrick/server.rb:295:in `block in start_thread'


  Rendered /home/me/.rvm/gems/ruby-2.0.0-p451/gems/actionpack-4.0.4/lib/action_dispatch/middleware/templates/rescues/unknown_action.erb within rescues/layout (2.2ms)


Started GET "/articles/new" for 192.168.0.2 at 2014-04-06 13:54:54 -0400
Processing by ArticlesController#new as HTML
Completed 500 Internal Server Error in 36ms

ActionView::MissingTemplate (Missing template articles/new, application/new with {:locale=>[:en], :formats=>[:html], :handlers=>[:erb, :builder, :raw, :ruby, :jbuilder, :coffee]}. Searched in:
  * "/home/me/Desktop/Projects/Ruby/ruby_test/app/views"
):
  actionpack (4.0.4) lib/action_view/path_set.rb:46:in `find'
  actionpack (4.0.4) lib/action_view/lookup_context.rb:122:in `find'
  actionpack (4.0.4) lib/action_view/renderer/abstract_renderer.rb:18:in `find_template'
  actionpack (4.0.4) lib/action_view/renderer/template_renderer.rb:35:in `determine_template'
  actionpack (4.0.4) lib/action_view/renderer/template_renderer.rb:8:in `render'
  actionpack (4.0.4) lib/action_view/renderer/renderer.rb:42:in `render_template'
  actionpack (4.0.4) lib/action_view/renderer/renderer.rb:23:in `render'
  actionpack (4.0.4) lib/abstract_controller/rendering.rb:127:in `_render_template'
  actionpack (4.0.4) lib/action_controller/metal/streaming.rb:219:in `_render_template'
  actionpack (4.0.4) lib/abstract_controller/rendering.rb:120:in `render_to_body'
  actionpack (4.0.4) lib/action_controller/metal/rendering.rb:33:in `render_to_body'
  actionpack (4.0.4) lib/action_controller/metal/renderers.rb:26:in `render_to_body'
  actionpack (4.0.4) lib/abstract_controller/rendering.rb:97:in `render'
  actionpack (4.0.4) lib/action_controller/metal/rendering.rb:16:in `render'
  actionpack (4.0.4) lib/action_controller/metal/instrumentation.rb:41:in `block (2 levels) in render'
  activesupport (4.0.4) lib/active_support/core_ext/benchmark.rb:12:in `block in ms'
  /home/me/.rvm/rubies/ruby-2.0.0-p451/lib/ruby/2.0.0/benchmark.rb:296:in `realtime'
  activesupport (4.0.4) lib/active_support/core_ext/benchmark.rb:12:in `ms'
  actionpack (4.0.4) lib/action_controller/metal/instrumentation.rb:41:in `block in render'
  actionpack (4.0.4) lib/action_controller/metal/instrumentation.rb:84:in `cleanup_view_runtime'
  activerecord (4.0.4) lib/active_record/railties/controller_runtime.rb:25:in `cleanup_view_runtime'
  actionpack (4.0.4) lib/action_controller/metal/instrumentation.rb:40:in `render'
  actionpack (4.0.4) lib/action_controller/metal/implicit_render.rb:10:in `default_render'
  actionpack (4.0.4) lib/action_controller/metal/implicit_render.rb:5:in `send_action'
  actionpack (4.0.4) lib/abstract_controller/base.rb:189:in `process_action'
  actionpack (4.0.4) lib/action_controller/metal/rendering.rb:10:in `process_action'
  actionpack (4.0.4) lib/abstract_controller/callbacks.rb:18:in `block in process_action'
  activesupport (4.0.4) lib/active_support/callbacks.rb:403:in `_run__3891762522627130841__process_action__callbacks'
  activesupport (4.0.4) lib/active_support/callbacks.rb:80:in `run_callbacks'
  actionpack (4.0.4) lib/abstract_controller/callbacks.rb:17:in `process_action'
  actionpack (4.0.4) lib/action_controller/metal/rescue.rb:29:in `process_action'
  actionpack (4.0.4) lib/action_controller/metal/instrumentation.rb:31:in `block in process_action'
  activesupport (4.0.4) lib/active_support/notifications.rb:159:in `block in instrument'
  activesupport (4.0.4) lib/active_support/notifications/instrumenter.rb:20:in `instrument'
  activesupport (4.0.4) lib/active_support/notifications.rb:159:in `instrument'
  actionpack (4.0.4) lib/action_controller/metal/instrumentation.rb:30:in `process_action'
  actionpack (4.0.4) lib/action_controller/metal/params_wrapper.rb:250:in `process_action'
  activerecord (4.0.4) lib/active_record/railties/controller_runtime.rb:18:in `process_action'
  actionpack (4.0.4) lib/abstract_controller/base.rb:136:in `process'
  actionpack (4.0.4) lib/abstract_controller/rendering.rb:44:in `process'
  actionpack (4.0.4) lib/action_controller/metal.rb:195:in `dispatch'
  actionpack (4.0.4) lib/action_controller/metal/rack_delegation.rb:13:in `dispatch'
  actionpack (4.0.4) lib/action_controller/metal.rb:231:in `block in action'
  actionpack (4.0.4) lib/action_dispatch/routing/route_set.rb:80:in `call'
  actionpack (4.0.4) lib/action_dispatch/routing/route_set.rb:80:in `dispatch'
  actionpack (4.0.4) lib/action_dispatch/routing/route_set.rb:48:in `call'
  actionpack (4.0.4) lib/action_dispatch/journey/router.rb:71:in `block in call'
  actionpack (4.0.4) lib/action_dispatch/journey/router.rb:59:in `each'
  actionpack (4.0.4) lib/action_dispatch/journey/router.rb:59:in `call'
  actionpack (4.0.4) lib/action_dispatch/routing/route_set.rb:674:in `call'
  rack (1.5.2) lib/rack/etag.rb:23:in `call'
  rack (1.5.2) lib/rack/conditionalget.rb:25:in `call'
  rack (1.5.2) lib/rack/head.rb:11:in `call'
  actionpack (4.0.4) lib/action_dispatch/middleware/params_parser.rb:27:in `call'
  actionpack (4.0.4) lib/action_dispatch/middleware/flash.rb:241:in `call'
  rack (1.5.2) lib/rack/session/abstract/id.rb:225:in `context'
  rack (1.5.2) lib/rack/session/abstract/id.rb:220:in `call'
  actionpack (4.0.4) lib/action_dispatch/middleware/cookies.rb:486:in `call'
  activerecord (4.0.4) lib/active_record/query_cache.rb:36:in `call'
  activerecord (4.0.4) lib/active_record/connection_adapters/abstract/connection_pool.rb:626:in `call'
  activerecord (4.0.4) lib/active_record/migration.rb:373:in `call'
  actionpack (4.0.4) lib/action_dispatch/middleware/callbacks.rb:29:in `block in call'
  activesupport (4.0.4) lib/active_support/callbacks.rb:373:in `_run__3398135570199664425__call__callbacks'
  activesupport (4.0.4) lib/active_support/callbacks.rb:80:in `run_callbacks'
  actionpack (4.0.4) lib/action_dispatch/middleware/callbacks.rb:27:in `call'
  actionpack (4.0.4) lib/action_dispatch/middleware/reloader.rb:64:in `call'
  actionpack (4.0.4) lib/action_dispatch/middleware/remote_ip.rb:76:in `call'
  actionpack (4.0.4) lib/action_dispatch/middleware/debug_exceptions.rb:17:in `call'
  actionpack (4.0.4) lib/action_dispatch/middleware/show_exceptions.rb:30:in `call'
  railties (4.0.4) lib/rails/rack/logger.rb:38:in `call_app'
  railties (4.0.4) lib/rails/rack/logger.rb:20:in `block in call'
  activesupport (4.0.4) lib/active_support/tagged_logging.rb:68:in `block in tagged'
  activesupport (4.0.4) lib/active_support/tagged_logging.rb:26:in `tagged'
  activesupport (4.0.4) lib/active_support/tagged_logging.rb:68:in `tagged'
  railties (4.0.4) lib/rails/rack/logger.rb:20:in `call'
  actionpack (4.0.4) lib/action_dispatch/middleware/request_id.rb:21:in `call'
  rack (1.5.2) lib/rack/methodoverride.rb:21:in `call'
  rack (1.5.2) lib/rack/runtime.rb:17:in `call'
  activesupport (4.0.4) lib/active_support/cache/strategy/local_cache.rb:83:in `call'
  rack (1.5.2) lib/rack/lock.rb:17:in `call'
  actionpack (4.0.4) lib/action_dispatch/middleware/static.rb:64:in `call'
  rack (1.5.2) lib/rack/sendfile.rb:112:in `call'
  railties (4.0.4) lib/rails/engine.rb:511:in `call'
  railties (4.0.4) lib/rails/application.rb:97:in `call'
  rack (1.5.2) lib/rack/lock.rb:17:in `call'
  rack (1.5.2) lib/rack/content_length.rb:14:in `call'
  rack (1.5.2) lib/rack/handler/webrick.rb:60:in `service'
  /home/me/.rvm/rubies/ruby-2.0.0-p451/lib/ruby/2.0.0/webrick/httpserver.rb:138:in `service'
  /home/me/.rvm/rubies/ruby-2.0.0-p451/lib/ruby/2.0.0/webrick/httpserver.rb:94:in `run'
  /home/me/.rvm/rubies/ruby-2.0.0-p451/lib/ruby/2.0.0/webrick/server.rb:295:in `block in start_thread'


  Rendered /home/me/.rvm/gems/ruby-2.0.0-p451/gems/actionpack-4.0.4/lib/action_dispatch/middleware/templates/rescues/missing_template.erb within rescues/layout (1.2ms)


Started GET "/articles/new" for 192.168.0.2 at 2014-04-06 13:55:57 -0400
Processing by ArticlesController#new as HTML
  Rendered articles/new.html.erb within layouts/application (1.0ms)
Completed 200 OK in 373ms (Views: 371.6ms | ActiveRecord: 0.0ms)


Started GET "/assets/application.css?body=1" for 192.168.0.2 at 2014-04-06 13:55:57 -0400


Started GET "/assets/jquery.js?body=1" for 192.168.0.2 at 2014-04-06 13:55:57 -0400


Started GET "/assets/articles.css?body=1" for 192.168.0.2 at 2014-04-06 13:55:57 -0400


Started GET "/assets/welcome.css?body=1" for 192.168.0.2 at 2014-04-06 13:55:58 -0400


Started GET "/assets/turbolinks.js?body=1" for 192.168.0.2 at 2014-04-06 13:55:58 -0400


Started GET "/assets/jquery_ujs.js?body=1" for 192.168.0.2 at 2014-04-06 13:55:58 -0400


Started GET "/assets/articles.js?body=1" for 192.168.0.2 at 2014-04-06 13:55:58 -0400


Started GET "/assets/welcome.js?body=1" for 192.168.0.2 at 2014-04-06 13:55:58 -0400


Started GET "/assets/application.js?body=1" for 192.168.0.2 at 2014-04-06 13:55:58 -0400


Started GET "/articles/new" for 192.168.0.2 at 2014-04-06 13:56:25 -0400
Processing by ArticlesController#new as HTML
  Rendered articles/new.html.erb within layouts/application (48.2ms)
Completed 200 OK in 65ms (Views: 63.1ms | ActiveRecord: 0.0ms)


Started GET "/assets/articles.css?body=1" for 192.168.0.2 at 2014-04-06 13:56:25 -0400


Started GET "/assets/welcome.css?body=1" for 192.168.0.2 at 2014-04-06 13:56:25 -0400


Started GET "/assets/application.css?body=1" for 192.168.0.2 at 2014-04-06 13:56:25 -0400


Started GET "/assets/turbolinks.js?body=1" for 192.168.0.2 at 2014-04-06 13:56:25 -0400


Started GET "/assets/jquery_ujs.js?body=1" for 192.168.0.2 at 2014-04-06 13:56:25 -0400


Started GET "/assets/jquery.js?body=1" for 192.168.0.2 at 2014-04-06 13:56:25 -0400


Started GET "/assets/articles.js?body=1" for 192.168.0.2 at 2014-04-06 13:56:25 -0400


Started GET "/assets/welcome.js?body=1" for 192.168.0.2 at 2014-04-06 13:56:25 -0400


Started GET "/assets/application.js?body=1" for 192.168.0.2 at 2014-04-06 13:56:25 -0400


Started GET "/articles/new" for 192.168.0.2 at 2014-04-06 13:57:17 -0400
Processing by ArticlesController#new as HTML
  Rendered articles/new.html.erb within layouts/application (4.9ms)
Completed 200 OK in 16ms (Views: 14.3ms | ActiveRecord: 0.0ms)


Started GET "/assets/application.css?body=1" for 192.168.0.2 at 2014-04-06 13:57:18 -0400


Started GET "/assets/welcome.css?body=1" for 192.168.0.2 at 2014-04-06 13:57:18 -0400


Started GET "/assets/articles.css?body=1" for 192.168.0.2 at 2014-04-06 13:57:18 -0400


Started GET "/assets/articles.js?body=1" for 192.168.0.2 at 2014-04-06 13:57:18 -0400


Started GET "/assets/jquery.js?body=1" for 192.168.0.2 at 2014-04-06 13:57:18 -0400


Started GET "/assets/turbolinks.js?body=1" for 192.168.0.2 at 2014-04-06 13:57:18 -0400


Started GET "/assets/jquery_ujs.js?body=1" for 192.168.0.2 at 2014-04-06 13:57:18 -0400


Started GET "/assets/welcome.js?body=1" for 192.168.0.2 at 2014-04-06 13:57:18 -0400


Started GET "/assets/application.js?body=1" for 192.168.0.2 at 2014-04-06 13:57:18 -0400


Started POST "/articles" for 192.168.0.2 at 2014-04-06 13:57:41 -0400

AbstractController::ActionNotFound (The action 'create' could not be found for ArticlesController):
  actionpack (4.0.4) lib/abstract_controller/base.rb:131:in `process'
  actionpack (4.0.4) lib/abstract_controller/rendering.rb:44:in `process'
  actionpack (4.0.4) lib/action_controller/metal.rb:195:in `dispatch'
  actionpack (4.0.4) lib/action_controller/metal/rack_delegation.rb:13:in `dispatch'
  actionpack (4.0.4) lib/action_controller/metal.rb:231:in `block in action'
  actionpack (4.0.4) lib/action_dispatch/routing/route_set.rb:80:in `call'
  actionpack (4.0.4) lib/action_dispatch/routing/route_set.rb:80:in `dispatch'
  actionpack (4.0.4) lib/action_dispatch/routing/route_set.rb:48:in `call'
  actionpack (4.0.4) lib/action_dispatch/journey/router.rb:71:in `block in call'
  actionpack (4.0.4) lib/action_dispatch/journey/router.rb:59:in `each'
  actionpack (4.0.4) lib/action_dispatch/journey/router.rb:59:in `call'
  actionpack (4.0.4) lib/action_dispatch/routing/route_set.rb:674:in `call'
  rack (1.5.2) lib/rack/etag.rb:23:in `call'
  rack (1.5.2) lib/rack/conditionalget.rb:35:in `call'
  rack (1.5.2) lib/rack/head.rb:11:in `call'
  actionpack (4.0.4) lib/action_dispatch/middleware/params_parser.rb:27:in `call'
  actionpack (4.0.4) lib/action_dispatch/middleware/flash.rb:241:in `call'
  rack (1.5.2) lib/rack/session/abstract/id.rb:225:in `context'
  rack (1.5.2) lib/rack/session/abstract/id.rb:220:in `call'
  actionpack (4.0.4) lib/action_dispatch/middleware/cookies.rb:486:in `call'
  activerecord (4.0.4) lib/active_record/query_cache.rb:36:in `call'
  activerecord (4.0.4) lib/active_record/connection_adapters/abstract/connection_pool.rb:626:in `call'
  activerecord (4.0.4) lib/active_record/migration.rb:373:in `call'
  actionpack (4.0.4) lib/action_dispatch/middleware/callbacks.rb:29:in `block in call'
  activesupport (4.0.4) lib/active_support/callbacks.rb:373:in `_run__3398135570199664425__call__callbacks'
  activesupport (4.0.4) lib/active_support/callbacks.rb:80:in `run_callbacks'
  actionpack (4.0.4) lib/action_dispatch/middleware/callbacks.rb:27:in `call'
  actionpack (4.0.4) lib/action_dispatch/middleware/reloader.rb:64:in `call'
  actionpack (4.0.4) lib/action_dispatch/middleware/remote_ip.rb:76:in `call'
  actionpack (4.0.4) lib/action_dispatch/middleware/debug_exceptions.rb:17:in `call'
  actionpack (4.0.4) lib/action_dispatch/middleware/show_exceptions.rb:30:in `call'
  railties (4.0.4) lib/rails/rack/logger.rb:38:in `call_app'
  railties (4.0.4) lib/rails/rack/logger.rb:20:in `block in call'
  activesupport (4.0.4) lib/active_support/tagged_logging.rb:68:in `block in tagged'
  activesupport (4.0.4) lib/active_support/tagged_logging.rb:26:in `tagged'
  activesupport (4.0.4) lib/active_support/tagged_logging.rb:68:in `tagged'
  railties (4.0.4) lib/rails/rack/logger.rb:20:in `call'
  actionpack (4.0.4) lib/action_dispatch/middleware/request_id.rb:21:in `call'
  rack (1.5.2) lib/rack/methodoverride.rb:21:in `call'
  rack (1.5.2) lib/rack/runtime.rb:17:in `call'
  activesupport (4.0.4) lib/active_support/cache/strategy/local_cache.rb:83:in `call'
  rack (1.5.2) lib/rack/lock.rb:17:in `call'
  actionpack (4.0.4) lib/action_dispatch/middleware/static.rb:64:in `call'
  rack (1.5.2) lib/rack/sendfile.rb:112:in `call'
  railties (4.0.4) lib/rails/engine.rb:511:in `call'
  railties (4.0.4) lib/rails/application.rb:97:in `call'
  rack (1.5.2) lib/rack/lock.rb:17:in `call'
  rack (1.5.2) lib/rack/content_length.rb:14:in `call'
  rack (1.5.2) lib/rack/handler/webrick.rb:60:in `service'
  /home/me/.rvm/rubies/ruby-2.0.0-p451/lib/ruby/2.0.0/webrick/httpserver.rb:138:in `service'
  /home/me/.rvm/rubies/ruby-2.0.0-p451/lib/ruby/2.0.0/webrick/httpserver.rb:94:in `run'
  /home/me/.rvm/rubies/ruby-2.0.0-p451/lib/ruby/2.0.0/webrick/server.rb:295:in `block in start_thread'


  Rendered /home/me/.rvm/gems/ruby-2.0.0-p451/gems/actionpack-4.0.4/lib/action_dispatch/middleware/templates/rescues/unknown_action.erb within rescues/layout (1.6ms)


Started POST "/articles" for 192.168.0.2 at 2014-04-06 13:58:25 -0400
Processing by ArticlesController#create as HTML
  Parameters: {"utf8"=>"âœ“", "authenticity_token"=>"8UwjnXqQVVYtrrEZecyDlca3buRx03o6RyhXVUUe1cg=", "article"=>{"title"=>"test", "text"=>"test"}, "commit"=>"Save Article"}
Completed 500 Internal Server Error in 4ms

ActionView::MissingTemplate (Missing template articles/create, application/create with {:locale=>[:en], :formats=>[:html], :handlers=>[:erb, :builder, :raw, :ruby, :jbuilder, :coffee]}. Searched in:
  * "/home/me/Desktop/Projects/Ruby/ruby_test/app/views"
):
  app/controllers/articles_controller.rb:7:in `create'


  Rendered /home/me/.rvm/gems/ruby-2.0.0-p451/gems/actionpack-4.0.4/lib/action_dispatch/middleware/templates/rescues/missing_template.erb within rescues/layout (1.1ms)


Started GET "/articles/new" for 192.168.0.2 at 2014-04-06 13:58:43 -0400
Processing by ArticlesController#new as HTML
  Rendered articles/new.html.erb within layouts/application (3.6ms)
Completed 200 OK in 16ms (Views: 14.3ms | ActiveRecord: 0.0ms)


Started GET "/assets/application.css?body=1" for 192.168.0.2 at 2014-04-06 13:58:44 -0400


Started GET "/assets/articles.css?body=1" for 192.168.0.2 at 2014-04-06 13:58:44 -0400


Started GET "/assets/welcome.css?body=1" for 192.168.0.2 at 2014-04-06 13:58:44 -0400


Started GET "/assets/jquery.js?body=1" for 192.168.0.2 at 2014-04-06 13:58:44 -0400


Started GET "/assets/articles.js?body=1" for 192.168.0.2 at 2014-04-06 13:58:44 -0400


Started GET "/assets/jquery_ujs.js?body=1" for 192.168.0.2 at 2014-04-06 13:58:44 -0400


Started GET "/assets/welcome.js?body=1" for 192.168.0.2 at 2014-04-06 13:58:44 -0400


Started GET "/assets/turbolinks.js?body=1" for 192.168.0.2 at 2014-04-06 13:58:44 -0400


Started GET "/assets/application.js?body=1" for 192.168.0.2 at 2014-04-06 13:58:44 -0400


Started POST "/articles" for 192.168.0.2 at 2014-04-06 13:58:46 -0400
Processing by ArticlesController#create as HTML
  Parameters: {"utf8"=>"âœ“", "authenticity_token"=>"8UwjnXqQVVYtrrEZecyDlca3buRx03o6RyhXVUUe1cg=", "article"=>{"title"=>"test", "text"=>"test"}, "commit"=>"Save Article"}
Completed 500 Internal Server Error in 3ms

ActionView::MissingTemplate (Missing template articles/create, application/create with {:locale=>[:en], :formats=>[:html], :handlers=>[:erb, :builder, :raw, :ruby, :jbuilder, :coffee]}. Searched in:
  * "/home/me/Desktop/Projects/Ruby/ruby_test/app/views"
):
  app/controllers/articles_controller.rb:7:in `create'


  Rendered /home/me/.rvm/gems/ruby-2.0.0-p451/gems/actionpack-4.0.4/lib/action_dispatch/middleware/templates/rescues/missing_template.erb within rescues/layout (1.1ms)


Started GET "/articles/new" for 192.168.0.2 at 2014-04-06 13:59:23 -0400
Processing by ArticlesController#new as HTML
  Rendered articles/new.html.erb within layouts/application (17.9ms)
Completed 200 OK in 168ms (Views: 133.8ms | ActiveRecord: 0.0ms)


Started GET "/assets/application.css?body=1" for 192.168.0.2 at 2014-04-06 13:59:24 -0400


Started GET "/assets/articles.css?body=1" for 192.168.0.2 at 2014-04-06 13:59:24 -0400


Started GET "/assets/welcome.css?body=1" for 192.168.0.2 at 2014-04-06 13:59:24 -0400


Started GET "/assets/articles.js?body=1" for 192.168.0.2 at 2014-04-06 13:59:24 -0400


Started GET "/assets/welcome.js?body=1" for 192.168.0.2 at 2014-04-06 13:59:24 -0400


Started GET "/assets/jquery.js?body=1" for 192.168.0.2 at 2014-04-06 13:59:24 -0400


Started GET "/assets/jquery_ujs.js?body=1" for 192.168.0.2 at 2014-04-06 13:59:24 -0400


Started GET "/assets/turbolinks.js?body=1" for 192.168.0.2 at 2014-04-06 13:59:24 -0400


Started GET "/assets/application.js?body=1" for 192.168.0.2 at 2014-04-06 13:59:24 -0400


Started POST "/articles" for 192.168.0.2 at 2014-04-06 13:59:26 -0400
Processing by ArticlesController#create as HTML
  Parameters: {"utf8"=>"âœ“", "authenticity_token"=>"8UwjnXqQVVYtrrEZecyDlca3buRx03o6RyhXVUUe1cg=", "article"=>{"title"=>"test", "text"=>"test"}, "commit"=>"Save Article"}
Completed 500 Internal Server Error in 5ms

ActionView::MissingTemplate (Missing template articles/create, application/create with {:locale=>[:en], :formats=>[:html], :handlers=>[:erb, :builder, :raw, :ruby, :jbuilder, :coffee]}. Searched in:
  * "/home/me/Desktop/Projects/Ruby/ruby_test/app/views"
):
  app/controllers/articles_controller.rb:7:in `create'


  Rendered /home/me/.rvm/gems/ruby-2.0.0-p451/gems/actionpack-4.0.4/lib/action_dispatch/middleware/templates/rescues/missing_template.erb within rescues/layout (1.1ms)
  [1m[36m (154.6ms)[0m  [1mCREATE TABLE "schema_migrations" ("version" varchar(255) NOT NULL) [0m
  [1m[35m (156.2ms)[0m  CREATE UNIQUE INDEX "unique_schema_migrations" ON "schema_migrations" ("version")
  [1m[36mActiveRecord::SchemaMigration Load (0.4ms)[0m  [1mSELECT "schema_migrations".* FROM "schema_migrations"[0m
Migrating to CreateArticles (20140406175949)
  [1m[35m (0.2ms)[0m  begin transaction
  [1m[36m (0.7ms)[0m  [1mCREATE TABLE "articles" ("id" INTEGER PRIMARY KEY AUTOINCREMENT NOT NULL, "title" varchar(255), "text" text, "created_at" datetime, "updated_at" datetime) [0m
  [1m[35mSQL (0.4ms)[0m  INSERT INTO "schema_migrations" ("version") VALUES (?)  [["version", "20140406175949"]]
  [1m[36m (154.5ms)[0m  [1mcommit transaction[0m
  [1m[35mActiveRecord::SchemaMigration Load (0.2ms)[0m  SELECT "schema_migrations".* FROM "schema_migrations"


Started GET "/articles/new" for 192.168.0.2 at 2014-04-06 14:01:58 -0400
  [1m[36mActiveRecord::SchemaMigration Load (0.4ms)[0m  [1mSELECT "schema_migrations".* FROM "schema_migrations"[0m
Processing by ArticlesController#new as HTML
  Rendered articles/new.html.erb within layouts/application (2.8ms)
Completed 200 OK in 16ms (Views: 13.8ms | ActiveRecord: 0.0ms)


Started GET "/assets/application.css?body=1" for 192.168.0.2 at 2014-04-06 14:01:58 -0400


Started GET "/assets/articles.css?body=1" for 192.168.0.2 at 2014-04-06 14:01:58 -0400


Started GET "/assets/welcome.css?body=1" for 192.168.0.2 at 2014-04-06 14:01:58 -0400


Started GET "/assets/articles.js?body=1" for 192.168.0.2 at 2014-04-06 14:01:58 -0400


Started GET "/assets/jquery.js?body=1" for 192.168.0.2 at 2014-04-06 14:01:58 -0400


Started GET "/assets/turbolinks.js?body=1" for 192.168.0.2 at 2014-04-06 14:01:58 -0400


Started GET "/assets/jquery_ujs.js?body=1" for 192.168.0.2 at 2014-04-06 14:01:58 -0400


Started GET "/assets/welcome.js?body=1" for 192.168.0.2 at 2014-04-06 14:01:59 -0400


Started GET "/assets/application.js?body=1" for 192.168.0.2 at 2014-04-06 14:01:59 -0400


Started POST "/articles" for 192.168.0.2 at 2014-04-06 14:02:01 -0400
Processing by ArticlesController#create as HTML
  Parameters: {"utf8"=>"âœ“", "authenticity_token"=>"8UwjnXqQVVYtrrEZecyDlca3buRx03o6RyhXVUUe1cg=", "article"=>{"title"=>"test", "text"=>"test"}, "commit"=>"Save Article"}
Completed 500 Internal Server Error in 6ms

ActiveModel::ForbiddenAttributesError (ActiveModel::ForbiddenAttributesError):
  app/controllers/articles_controller.rb:7:in `create'


  Rendered /home/me/.rvm/gems/ruby-2.0.0-p451/gems/actionpack-4.0.4/lib/action_dispatch/middleware/templates/rescues/_source.erb (1.6ms)
  Rendered /home/me/.rvm/gems/ruby-2.0.0-p451/gems/actionpack-4.0.4/lib/action_dispatch/middleware/templates/rescues/_trace.erb (2.2ms)
  Rendered /home/me/.rvm/gems/ruby-2.0.0-p451/gems/actionpack-4.0.4/lib/action_dispatch/middleware/templates/rescues/_request_and_response.erb (2.1ms)
  Rendered /home/me/.rvm/gems/ruby-2.0.0-p451/gems/actionpack-4.0.4/lib/action_dispatch/middleware/templates/rescues/diagnostics.erb within rescues/layout (28.8ms)


Started POST "/articles" for 192.168.0.2 at 2014-04-06 14:03:10 -0400
Processing by ArticlesController#create as HTML
  Parameters: {"utf8"=>"âœ“", "authenticity_token"=>"8UwjnXqQVVYtrrEZecyDlca3buRx03o6RyhXVUUe1cg=", "article"=>{"title"=>"test", "text"=>"test"}, "commit"=>"Save Article"}
  [1m[35m (0.2ms)[0m  begin transaction
  [1m[36mSQL (143.2ms)[0m  [1mINSERT INTO "articles" ("created_at", "text", "title", "updated_at") VALUES (?, ?, ?, ?)[0m  [["created_at", Sun, 06 Apr 2014 18:03:10 UTC +00:00], ["text", "test"], ["title", "test"], ["updated_at", Sun, 06 Apr 2014 18:03:10 UTC +00:00]]
  [1m[35m (178.1ms)[0m  commit transaction
Redirected to http://192.168.0.7:3000/articles/1
Completed 302 Found in 352ms (ActiveRecord: 322.5ms)


Started GET "/articles/1" for 192.168.0.2 at 2014-04-06 14:03:11 -0400

AbstractController::ActionNotFound (The action 'show' could not be found for ArticlesController):
  actionpack (4.0.4) lib/abstract_controller/base.rb:131:in `process'
  actionpack (4.0.4) lib/abstract_controller/rendering.rb:44:in `process'
  actionpack (4.0.4) lib/action_controller/metal.rb:195:in `dispatch'
  actionpack (4.0.4) lib/action_controller/metal/rack_delegation.rb:13:in `dispatch'
  actionpack (4.0.4) lib/action_controller/metal.rb:231:in `block in action'
  actionpack (4.0.4) lib/action_dispatch/routing/route_set.rb:80:in `call'
  actionpack (4.0.4) lib/action_dispatch/routing/route_set.rb:80:in `dispatch'
  actionpack (4.0.4) lib/action_dispatch/routing/route_set.rb:48:in `call'
  actionpack (4.0.4) lib/action_dispatch/journey/router.rb:71:in `block in call'
  actionpack (4.0.4) lib/action_dispatch/journey/router.rb:59:in `each'
  actionpack (4.0.4) lib/action_dispatch/journey/router.rb:59:in `call'
  actionpack (4.0.4) lib/action_dispatch/routing/route_set.rb:674:in `call'
  rack (1.5.2) lib/rack/etag.rb:23:in `call'
  rack (1.5.2) lib/rack/conditionalget.rb:25:in `call'
  rack (1.5.2) lib/rack/head.rb:11:in `call'
  actionpack (4.0.4) lib/action_dispatch/middleware/params_parser.rb:27:in `call'
  actionpack (4.0.4) lib/action_dispatch/middleware/flash.rb:241:in `call'
  rack (1.5.2) lib/rack/session/abstract/id.rb:225:in `context'
  rack (1.5.2) lib/rack/session/abstract/id.rb:220:in `call'
  actionpack (4.0.4) lib/action_dispatch/middleware/cookies.rb:486:in `call'
  activerecord (4.0.4) lib/active_record/query_cache.rb:36:in `call'
  activerecord (4.0.4) lib/active_record/connection_adapters/abstract/connection_pool.rb:626:in `call'
  activerecord (4.0.4) lib/active_record/migration.rb:373:in `call'
  actionpack (4.0.4) lib/action_dispatch/middleware/callbacks.rb:29:in `block in call'
  activesupport (4.0.4) lib/active_support/callbacks.rb:373:in `_run__1002490526277916465__call__callbacks'
  activesupport (4.0.4) lib/active_support/callbacks.rb:80:in `run_callbacks'
  actionpack (4.0.4) lib/action_dispatch/middleware/callbacks.rb:27:in `call'
  actionpack (4.0.4) lib/action_dispatch/middleware/reloader.rb:64:in `call'
  actionpack (4.0.4) lib/action_dispatch/middleware/remote_ip.rb:76:in `call'
  actionpack (4.0.4) lib/action_dispatch/middleware/debug_exceptions.rb:17:in `call'
  actionpack (4.0.4) lib/action_dispatch/middleware/show_exceptions.rb:30:in `call'
  railties (4.0.4) lib/rails/rack/logger.rb:38:in `call_app'
  railties (4.0.4) lib/rails/rack/logger.rb:20:in `block in call'
  activesupport (4.0.4) lib/active_support/tagged_logging.rb:68:in `block in tagged'
  activesupport (4.0.4) lib/active_support/tagged_logging.rb:26:in `tagged'
  activesupport (4.0.4) lib/active_support/tagged_logging.rb:68:in `tagged'
  railties (4.0.4) lib/rails/rack/logger.rb:20:in `call'
  actionpack (4.0.4) lib/action_dispatch/middleware/request_id.rb:21:in `call'
  rack (1.5.2) lib/rack/methodoverride.rb:21:in `call'
  rack (1.5.2) lib/rack/runtime.rb:17:in `call'
  activesupport (4.0.4) lib/active_support/cache/strategy/local_cache.rb:83:in `call'
  rack (1.5.2) lib/rack/lock.rb:17:in `call'
  actionpack (4.0.4) lib/action_dispatch/middleware/static.rb:64:in `call'
  rack (1.5.2) lib/rack/sendfile.rb:112:in `call'
  railties (4.0.4) lib/rails/engine.rb:511:in `call'
  railties (4.0.4) lib/rails/application.rb:97:in `call'
  rack (1.5.2) lib/rack/lock.rb:17:in `call'
  rack (1.5.2) lib/rack/content_length.rb:14:in `call'
  rack (1.5.2) lib/rack/handler/webrick.rb:60:in `service'
  /home/me/.rvm/rubies/ruby-2.0.0-p451/lib/ruby/2.0.0/webrick/httpserver.rb:138:in `service'
  /home/me/.rvm/rubies/ruby-2.0.0-p451/lib/ruby/2.0.0/webrick/httpserver.rb:94:in `run'
  /home/me/.rvm/rubies/ruby-2.0.0-p451/lib/ruby/2.0.0/webrick/server.rb:295:in `block in start_thread'


  Rendered /home/me/.rvm/gems/ruby-2.0.0-p451/gems/actionpack-4.0.4/lib/action_dispatch/middleware/templates/rescues/unknown_action.erb within rescues/layout (1.0ms)


Started POST "/articles" for 192.168.0.2 at 2014-04-06 14:03:32 -0400
Processing by ArticlesController#create as HTML
  Parameters: {"utf8"=>"âœ“", "authenticity_token"=>"8UwjnXqQVVYtrrEZecyDlca3buRx03o6RyhXVUUe1cg=", "article"=>{"title"=>"test", "text"=>"test"}, "commit"=>"Save Article"}
  [1m[36m (0.2ms)[0m  [1mbegin transaction[0m
  [1m[35mSQL (1.0ms)[0m  INSERT INTO "articles" ("created_at", "text", "title", "updated_at") VALUES (?, ?, ?, ?)  [["created_at", Sun, 06 Apr 2014 18:03:32 UTC +00:00], ["text", "test"], ["title", "test"], ["updated_at", Sun, 06 Apr 2014 18:03:32 UTC +00:00]]
  [1m[36m (142.1ms)[0m  [1mcommit transaction[0m
Redirected to http://192.168.0.7:3000/articles/2
Completed 302 Found in 229ms (ActiveRecord: 144.3ms)


Started GET "/articles/2" for 192.168.0.2 at 2014-04-06 14:03:32 -0400
Processing by ArticlesController#show as HTML
  Parameters: {"id"=>"2"}
  [1m[35mArticle Load (0.5ms)[0m  SELECT "articles".* FROM "articles" WHERE "articles"."id" = ? LIMIT 1  [["id", "2"]]
Completed 500 Internal Server Error in 9ms

ActionView::MissingTemplate (Missing template articles/show, application/show with {:locale=>[:en], :formats=>[:html], :handlers=>[:erb, :builder, :raw, :ruby, :jbuilder, :coffee]}. Searched in:
  * "/home/me/Desktop/Projects/Ruby/ruby_test/app/views"
):
  actionpack (4.0.4) lib/action_view/path_set.rb:46:in `find'
  actionpack (4.0.4) lib/action_view/lookup_context.rb:122:in `find'
  actionpack (4.0.4) lib/action_view/renderer/abstract_renderer.rb:18:in `find_template'
  actionpack (4.0.4) lib/action_view/renderer/template_renderer.rb:35:in `determine_template'
  actionpack (4.0.4) lib/action_view/renderer/template_renderer.rb:8:in `render'
  actionpack (4.0.4) lib/action_view/renderer/renderer.rb:42:in `render_template'
  actionpack (4.0.4) lib/action_view/renderer/renderer.rb:23:in `render'
  actionpack (4.0.4) lib/abstract_controller/rendering.rb:127:in `_render_template'
  actionpack (4.0.4) lib/action_controller/metal/streaming.rb:219:in `_render_template'
  actionpack (4.0.4) lib/abstract_controller/rendering.rb:120:in `render_to_body'
  actionpack (4.0.4) lib/action_controller/metal/rendering.rb:33:in `render_to_body'
  actionpack (4.0.4) lib/action_controller/metal/renderers.rb:26:in `render_to_body'
  actionpack (4.0.4) lib/abstract_controller/rendering.rb:97:in `render'
  actionpack (4.0.4) lib/action_controller/metal/rendering.rb:16:in `render'
  actionpack (4.0.4) lib/action_controller/metal/instrumentation.rb:41:in `block (2 levels) in render'
  activesupport (4.0.4) lib/active_support/core_ext/benchmark.rb:12:in `block in ms'
  /home/me/.rvm/rubies/ruby-2.0.0-p451/lib/ruby/2.0.0/benchmark.rb:296:in `realtime'
  activesupport (4.0.4) lib/active_support/core_ext/benchmark.rb:12:in `ms'
  actionpack (4.0.4) lib/action_controller/metal/instrumentation.rb:41:in `block in render'
  actionpack (4.0.4) lib/action_controller/metal/instrumentation.rb:84:in `cleanup_view_runtime'
  activerecord (4.0.4) lib/active_record/railties/controller_runtime.rb:25:in `cleanup_view_runtime'
  actionpack (4.0.4) lib/action_controller/metal/instrumentation.rb:40:in `render'
  actionpack (4.0.4) lib/action_controller/metal/implicit_render.rb:10:in `default_render'
  actionpack (4.0.4) lib/action_controller/metal/implicit_render.rb:5:in `send_action'
  actionpack (4.0.4) lib/abstract_controller/base.rb:189:in `process_action'
  actionpack (4.0.4) lib/action_controller/metal/rendering.rb:10:in `process_action'
  actionpack (4.0.4) lib/abstract_controller/callbacks.rb:18:in `block in process_action'
  activesupport (4.0.4) lib/active_support/callbacks.rb:403:in `_run__2632303354439751250__process_action__callbacks'
  activesupport (4.0.4) lib/active_support/callbacks.rb:80:in `run_callbacks'
  actionpack (4.0.4) lib/abstract_controller/callbacks.rb:17:in `process_action'
  actionpack (4.0.4) lib/action_controller/metal/rescue.rb:29:in `process_action'
  actionpack (4.0.4) lib/action_controller/metal/instrumentation.rb:31:in `block in process_action'
  activesupport (4.0.4) lib/active_support/notifications.rb:159:in `block in instrument'
  activesupport (4.0.4) lib/active_support/notifications/instrumenter.rb:20:in `instrument'
  activesupport (4.0.4) lib/active_support/notifications.rb:159:in `instrument'
  actionpack (4.0.4) lib/action_controller/metal/instrumentation.rb:30:in `process_action'
  actionpack (4.0.4) lib/action_controller/metal/params_wrapper.rb:250:in `process_action'
  activerecord (4.0.4) lib/active_record/railties/controller_runtime.rb:18:in `process_action'
  actionpack (4.0.4) lib/abstract_controller/base.rb:136:in `process'
  actionpack (4.0.4) lib/abstract_controller/rendering.rb:44:in `process'
  actionpack (4.0.4) lib/action_controller/metal.rb:195:in `dispatch'
  actionpack (4.0.4) lib/action_controller/metal/rack_delegation.rb:13:in `dispatch'
  actionpack (4.0.4) lib/action_controller/metal.rb:231:in `block in action'
  actionpack (4.0.4) lib/action_dispatch/routing/route_set.rb:80:in `call'
  actionpack (4.0.4) lib/action_dispatch/routing/route_set.rb:80:in `dispatch'
  actionpack (4.0.4) lib/action_dispatch/routing/route_set.rb:48:in `call'
  actionpack (4.0.4) lib/action_dispatch/journey/router.rb:71:in `block in call'
  actionpack (4.0.4) lib/action_dispatch/journey/router.rb:59:in `each'
  actionpack (4.0.4) lib/action_dispatch/journey/router.rb:59:in `call'
  actionpack (4.0.4) lib/action_dispatch/routing/route_set.rb:674:in `call'
  rack (1.5.2) lib/rack/etag.rb:23:in `call'
  rack (1.5.2) lib/rack/conditionalget.rb:25:in `call'
  rack (1.5.2) lib/rack/head.rb:11:in `call'
  actionpack (4.0.4) lib/action_dispatch/middleware/params_parser.rb:27:in `call'
  actionpack (4.0.4) lib/action_dispatch/middleware/flash.rb:241:in `call'
  rack (1.5.2) lib/rack/session/abstract/id.rb:225:in `context'
  rack (1.5.2) lib/rack/session/abstract/id.rb:220:in `call'
  actionpack (4.0.4) lib/action_dispatch/middleware/cookies.rb:486:in `call'
  activerecord (4.0.4) lib/active_record/query_cache.rb:36:in `call'
  activerecord (4.0.4) lib/active_record/connection_adapters/abstract/connection_pool.rb:626:in `call'
  activerecord (4.0.4) lib/active_record/migration.rb:373:in `call'
  actionpack (4.0.4) lib/action_dispatch/middleware/callbacks.rb:29:in `block in call'
  activesupport (4.0.4) lib/active_support/callbacks.rb:373:in `_run__1002490526277916465__call__callbacks'
  activesupport (4.0.4) lib/active_support/callbacks.rb:80:in `run_callbacks'
  actionpack (4.0.4) lib/action_dispatch/middleware/callbacks.rb:27:in `call'
  actionpack (4.0.4) lib/action_dispatch/middleware/reloader.rb:64:in `call'
  actionpack (4.0.4) lib/action_dispatch/middleware/remote_ip.rb:76:in `call'
  actionpack (4.0.4) lib/action_dispatch/middleware/debug_exceptions.rb:17:in `call'
  actionpack (4.0.4) lib/action_dispatch/middleware/show_exceptions.rb:30:in `call'
  railties (4.0.4) lib/rails/rack/logger.rb:38:in `call_app'
  railties (4.0.4) lib/rails/rack/logger.rb:20:in `block in call'
  activesupport (4.0.4) lib/active_support/tagged_logging.rb:68:in `block in tagged'
  activesupport (4.0.4) lib/active_support/tagged_logging.rb:26:in `tagged'
  activesupport (4.0.4) lib/active_support/tagged_logging.rb:68:in `tagged'
  railties (4.0.4) lib/rails/rack/logger.rb:20:in `call'
  actionpack (4.0.4) lib/action_dispatch/middleware/request_id.rb:21:in `call'
  rack (1.5.2) lib/rack/methodoverride.rb:21:in `call'
  rack (1.5.2) lib/rack/runtime.rb:17:in `call'
  activesupport (4.0.4) lib/active_support/cache/strategy/local_cache.rb:83:in `call'
  rack (1.5.2) lib/rack/lock.rb:17:in `call'
  actionpack (4.0.4) lib/action_dispatch/middleware/static.rb:64:in `call'
  rack (1.5.2) lib/rack/sendfile.rb:112:in `call'
  railties (4.0.4) lib/rails/engine.rb:511:in `call'
  railties (4.0.4) lib/rails/application.rb:97:in `call'
  rack (1.5.2) lib/rack/lock.rb:17:in `call'
  rack (1.5.2) lib/rack/content_length.rb:14:in `call'
  rack (1.5.2) lib/rack/handler/webrick.rb:60:in `service'
  /home/me/.rvm/rubies/ruby-2.0.0-p451/lib/ruby/2.0.0/webrick/httpserver.rb:138:in `service'
  /home/me/.rvm/rubies/ruby-2.0.0-p451/lib/ruby/2.0.0/webrick/httpserver.rb:94:in `run'
  /home/me/.rvm/rubies/ruby-2.0.0-p451/lib/ruby/2.0.0/webrick/server.rb:295:in `block in start_thread'


  Rendered /home/me/.rvm/gems/ruby-2.0.0-p451/gems/actionpack-4.0.4/lib/action_dispatch/middleware/templates/rescues/missing_template.erb within rescues/layout (0.9ms)


Started POST "/articles" for 192.168.0.2 at 2014-04-06 14:04:06 -0400
Processing by ArticlesController#create as HTML
  Parameters: {"utf8"=>"âœ“", "authenticity_token"=>"8UwjnXqQVVYtrrEZecyDlca3buRx03o6RyhXVUUe1cg=", "article"=>{"title"=>"test", "text"=>"test"}, "commit"=>"Save Article"}
  [1m[36m (0.2ms)[0m  [1mbegin transaction[0m
  [1m[35mSQL (0.7ms)[0m  INSERT INTO "articles" ("created_at", "text", "title", "updated_at") VALUES (?, ?, ?, ?)  [["created_at", Sun, 06 Apr 2014 18:04:06 UTC +00:00], ["text", "test"], ["title", "test"], ["updated_at", Sun, 06 Apr 2014 18:04:06 UTC +00:00]]
  [1m[36m (159.6ms)[0m  [1mcommit transaction[0m
Redirected to http://192.168.0.7:3000/articles/3
Completed 302 Found in 168ms (ActiveRecord: 160.4ms)


Started GET "/articles/3" for 192.168.0.2 at 2014-04-06 14:04:06 -0400
Processing by ArticlesController#show as HTML
  Parameters: {"id"=>"3"}
  [1m[35mArticle Load (0.3ms)[0m  SELECT "articles".* FROM "articles" WHERE "articles"."id" = ? LIMIT 1  [["id", "3"]]
  Rendered articles/show.html.erb within layouts/application (1.3ms)
Completed 200 OK in 15ms (Views: 10.7ms | ActiveRecord: 0.3ms)


Started GET "/assets/application.css?body=1" for 192.168.0.2 at 2014-04-06 14:04:07 -0400


Started GET "/assets/welcome.css?body=1" for 192.168.0.2 at 2014-04-06 14:04:07 -0400


Started GET "/assets/articles.css?body=1" for 192.168.0.2 at 2014-04-06 14:04:07 -0400


Started GET "/assets/jquery.js?body=1" for 192.168.0.2 at 2014-04-06 14:04:07 -0400


Started GET "/assets/articles.js?body=1" for 192.168.0.2 at 2014-04-06 14:04:07 -0400


Started GET "/assets/jquery_ujs.js?body=1" for 192.168.0.2 at 2014-04-06 14:04:07 -0400


Started GET "/assets/turbolinks.js?body=1" for 192.168.0.2 at 2014-04-06 14:04:07 -0400


Started GET "/assets/welcome.js?body=1" for 192.168.0.2 at 2014-04-06 14:04:07 -0400


Started GET "/assets/application.js?body=1" for 192.168.0.2 at 2014-04-06 14:04:07 -0400
  [1m[36mArticle Load (2.4ms)[0m  [1mSELECT "articles".* FROM "articles"[0m
  [1m[36mArticle Load (0.7ms)[0m  [1mSELECT "articles".* FROM "articles"[0m
SQLite3::SQLException: no such table: articles: SELECT "articles".* FROM "articles"
  [1m[35mArticle Load (0.6ms)[0m  SELECT "articles".* FROM "articles"
SQLite3::SQLException: no such table: articles: SELECT "articles".* FROM "articles"
  [1m[36m (163.6ms)[0m  [1mCREATE TABLE "schema_migrations" ("version" varchar(255) NOT NULL) [0m
  [1m[35m (157.2ms)[0m  CREATE UNIQUE INDEX "unique_schema_migrations" ON "schema_migrations" ("version")
  [1m[36mActiveRecord::SchemaMigration Load (0.3ms)[0m  [1mSELECT "schema_migrations".* FROM "schema_migrations"[0m
Migrating to CreateArticles (20140406175949)
  [1m[35m (0.2ms)[0m  begin transaction
  [1m[36m (0.8ms)[0m  [1mCREATE TABLE "articles" ("id" INTEGER PRIMARY KEY AUTOINCREMENT NOT NULL, "title" varchar(255), "text" text, "created_at" datetime, "updated_at" datetime) [0m
  [1m[35mSQL (0.4ms)[0m  INSERT INTO "schema_migrations" ("version") VALUES (?)  [["version", "20140406175949"]]
  [1m[36m (171.2ms)[0m  [1mcommit transaction[0m
  [1m[35mActiveRecord::SchemaMigration Load (0.2ms)[0m  SELECT "schema_migrations".* FROM "schema_migrations"
  [1m[36mArticle Load (3.4ms)[0m  [1mSELECT "articles".* FROM "articles"[0m


Started GET "/articles" for 192.168.0.2 at 2014-04-06 14:07:39 -0400
Processing by ArticlesController#index as HTML
  [1m[36mArticle Load (0.6ms)[0m  [1mSELECT "articles".* FROM "articles"[0m
  Rendered articles/index.html.erb within layouts/application (2.9ms)
Completed 200 OK in 17ms (Views: 12.6ms | ActiveRecord: 0.6ms)


Started GET "/assets/application.css?body=1" for 192.168.0.2 at 2014-04-06 14:07:39 -0400


Started GET "/assets/articles.css?body=1" for 192.168.0.2 at 2014-04-06 14:07:39 -0400


Started GET "/assets/welcome.css?body=1" for 192.168.0.2 at 2014-04-06 14:07:39 -0400


Started GET "/assets/jquery.js?body=1" for 192.168.0.2 at 2014-04-06 14:07:39 -0400


Started GET "/assets/articles.js?body=1" for 192.168.0.2 at 2014-04-06 14:07:39 -0400


Started GET "/assets/jquery_ujs.js?body=1" for 192.168.0.2 at 2014-04-06 14:07:39 -0400


Started GET "/assets/turbolinks.js?body=1" for 192.168.0.2 at 2014-04-06 14:07:39 -0400


Started GET "/assets/welcome.js?body=1" for 192.168.0.2 at 2014-04-06 14:07:39 -0400


Started GET "/assets/application.js?body=1" for 192.168.0.2 at 2014-04-06 14:07:39 -0400


Started GET "/articles" for 192.168.0.2 at 2014-04-06 14:09:38 -0400
Processing by ArticlesController#index as HTML
  [1m[35mArticle Load (0.4ms)[0m  SELECT "articles".* FROM "articles"
  Rendered articles/index.html.erb within layouts/application (3.4ms)
Completed 200 OK in 15ms (Views: 13.0ms | ActiveRecord: 0.4ms)


Started GET "/assets/application.css?body=1" for 192.168.0.2 at 2014-04-06 14:09:38 -0400


Started GET "/assets/articles.css?body=1" for 192.168.0.2 at 2014-04-06 14:09:38 -0400


Started GET "/assets/jquery.js?body=1" for 192.168.0.2 at 2014-04-06 14:09:38 -0400


Started GET "/assets/welcome.css?body=1" for 192.168.0.2 at 2014-04-06 14:09:38 -0400


Started GET "/assets/articles.js?body=1" for 192.168.0.2 at 2014-04-06 14:09:38 -0400


Started GET "/assets/jquery_ujs.js?body=1" for 192.168.0.2 at 2014-04-06 14:09:38 -0400


Started GET "/assets/turbolinks.js?body=1" for 192.168.0.2 at 2014-04-06 14:09:39 -0400


Started GET "/assets/welcome.js?body=1" for 192.168.0.2 at 2014-04-06 14:09:39 -0400


Started GET "/assets/application.js?body=1" for 192.168.0.2 at 2014-04-06 14:09:39 -0400


Started GET "/articles/new" for 192.168.0.2 at 2014-04-06 14:09:42 -0400
Processing by ArticlesController#new as HTML
  Rendered articles/new.html.erb within layouts/application (6.3ms)
Completed 200 OK in 18ms (Views: 16.2ms | ActiveRecord: 0.0ms)


Started POST "/articles" for 192.168.0.2 at 2014-04-06 14:09:44 -0400
Processing by ArticlesController#create as HTML
  Parameters: {"utf8"=>"âœ“", "authenticity_token"=>"8UwjnXqQVVYtrrEZecyDlca3buRx03o6RyhXVUUe1cg=", "article"=>{"title"=>"testt", "text"=>"test"}, "commit"=>"Save Article"}
  [1m[36m (0.2ms)[0m  [1mbegin transaction[0m
  [1m[35mSQL (1.6ms)[0m  INSERT INTO "articles" ("created_at", "text", "title", "updated_at") VALUES (?, ?, ?, ?)  [["created_at", Sun, 06 Apr 2014 18:09:44 UTC +00:00], ["text", "test"], ["title", "testt"], ["updated_at", Sun, 06 Apr 2014 18:09:44 UTC +00:00]]
  [1m[36m (160.3ms)[0m  [1mcommit transaction[0m
Redirected to http://192.168.0.7:3000/articles/1
Completed 302 Found in 191ms (ActiveRecord: 162.9ms)


Started GET "/articles/1" for 192.168.0.2 at 2014-04-06 14:09:45 -0400
Processing by ArticlesController#show as HTML
  Parameters: {"id"=>"1"}
  [1m[35mArticle Load (0.4ms)[0m  SELECT "articles".* FROM "articles" WHERE "articles"."id" = ? LIMIT 1  [["id", "1"]]
  Rendered articles/show.html.erb within layouts/application (2.0ms)
Completed 200 OK in 17ms (Views: 12.3ms | ActiveRecord: 0.4ms)


Started GET "/assets/articles.css?body=1" for 192.168.0.2 at 2014-04-06 14:09:45 -0400


Started GET "/assets/welcome.css?body=1" for 192.168.0.2 at 2014-04-06 14:09:45 -0400


Started GET "/assets/jquery.js?body=1" for 192.168.0.2 at 2014-04-06 14:09:45 -0400


Started GET "/assets/jquery_ujs.js?body=1" for 192.168.0.2 at 2014-04-06 14:09:45 -0400


Started GET "/assets/application.css?body=1" for 192.168.0.2 at 2014-04-06 14:09:45 -0400


Started GET "/assets/turbolinks.js?body=1" for 192.168.0.2 at 2014-04-06 14:09:45 -0400


Started GET "/assets/articles.js?body=1" for 192.168.0.2 at 2014-04-06 14:09:45 -0400


Started GET "/assets/welcome.js?body=1" for 192.168.0.2 at 2014-04-06 14:09:45 -0400


Started GET "/assets/application.js?body=1" for 192.168.0.2 at 2014-04-06 14:09:45 -0400


Started GET "/articles/" for 192.168.0.2 at 2014-04-06 14:09:51 -0400
Processing by ArticlesController#index as HTML
  [1m[36mArticle Load (0.4ms)[0m  [1mSELECT "articles".* FROM "articles"[0m
  Rendered articles/index.html.erb within layouts/application (2.5ms)
Completed 200 OK in 17ms (Views: 14.5ms | ActiveRecord: 0.4ms)


Started GET "/assets/welcome.css?body=1" for 192.168.0.2 at 2014-04-06 14:09:51 -0400


Started GET "/assets/jquery.js?body=1" for 192.168.0.2 at 2014-04-06 14:09:51 -0400


Started GET "/assets/jquery_ujs.js?body=1" for 192.168.0.2 at 2014-04-06 14:09:51 -0400


Started GET "/assets/articles.css?body=1" for 192.168.0.2 at 2014-04-06 14:09:51 -0400


Started GET "/assets/turbolinks.js?body=1" for 192.168.0.2 at 2014-04-06 14:09:51 -0400


Started GET "/assets/application.css?body=1" for 192.168.0.2 at 2014-04-06 14:09:51 -0400


Started GET "/assets/articles.js?body=1" for 192.168.0.2 at 2014-04-06 14:09:51 -0400


Started GET "/assets/welcome.js?body=1" for 192.168.0.2 at 2014-04-06 14:09:51 -0400


Started GET "/assets/application.js?body=1" for 192.168.0.2 at 2014-04-06 14:09:51 -0400


Started GET "/articles/" for 192.168.0.2 at 2014-04-06 14:11:29 -0400

SyntaxError (/home/me/Desktop/Projects/Ruby/ruby_test/app/controllers/articles_controller.rb:29: syntax error, unexpected end-of-input, expecting keyword_end):
  activesupport (4.0.4) lib/active_support/dependencies.rb:424:in `load'
  activesupport (4.0.4) lib/active_support/dependencies.rb:424:in `block in load_file'
  activesupport (4.0.4) lib/active_support/dependencies.rb:616:in `new_constants_in'
  activesupport (4.0.4) lib/active_support/dependencies.rb:423:in `load_file'
  activesupport (4.0.4) lib/active_support/dependencies.rb:324:in `require_or_load'
  activesupport (4.0.4) lib/active_support/dependencies.rb:463:in `load_missing_constant'
  activesupport (4.0.4) lib/active_support/dependencies.rb:184:in `const_missing'
  activesupport (4.0.4) lib/active_support/inflector/methods.rb:226:in `const_get'
  activesupport (4.0.4) lib/active_support/inflector/methods.rb:226:in `block in constantize'
  activesupport (4.0.4) lib/active_support/inflector/methods.rb:224:in `each'
  activesupport (4.0.4) lib/active_support/inflector/methods.rb:224:in `inject'
  activesupport (4.0.4) lib/active_support/inflector/methods.rb:224:in `constantize'
  activesupport (4.0.4) lib/active_support/dependencies.rb:535:in `get'
  activesupport (4.0.4) lib/active_support/dependencies.rb:566:in `constantize'
  actionpack (4.0.4) lib/action_dispatch/routing/route_set.rb:76:in `controller_reference'
  actionpack (4.0.4) lib/action_dispatch/routing/route_set.rb:66:in `controller'
  actionpack (4.0.4) lib/action_dispatch/routing/route_set.rb:44:in `call'
  actionpack (4.0.4) lib/action_dispatch/journey/router.rb:71:in `block in call'
  actionpack (4.0.4) lib/action_dispatch/journey/router.rb:59:in `each'
  actionpack (4.0.4) lib/action_dispatch/journey/router.rb:59:in `call'
  actionpack (4.0.4) lib/action_dispatch/routing/route_set.rb:674:in `call'
  rack (1.5.2) lib/rack/etag.rb:23:in `call'
  rack (1.5.2) lib/rack/conditionalget.rb:25:in `call'
  rack (1.5.2) lib/rack/head.rb:11:in `call'
  actionpack (4.0.4) lib/action_dispatch/middleware/params_parser.rb:27:in `call'
  actionpack (4.0.4) lib/action_dispatch/middleware/flash.rb:241:in `call'
  rack (1.5.2) lib/rack/session/abstract/id.rb:225:in `context'
  rack (1.5.2) lib/rack/session/abstract/id.rb:220:in `call'
  actionpack (4.0.4) lib/action_dispatch/middleware/cookies.rb:486:in `call'
  activerecord (4.0.4) lib/active_record/query_cache.rb:36:in `call'
  activerecord (4.0.4) lib/active_record/connection_adapters/abstract/connection_pool.rb:626:in `call'
  activerecord (4.0.4) lib/active_record/migration.rb:373:in `call'
  actionpack (4.0.4) lib/action_dispatch/middleware/callbacks.rb:29:in `block in call'
  activesupport (4.0.4) lib/active_support/callbacks.rb:373:in `_run__1002490526277916465__call__callbacks'
  activesupport (4.0.4) lib/active_support/callbacks.rb:80:in `run_callbacks'
  actionpack (4.0.4) lib/action_dispatch/middleware/callbacks.rb:27:in `call'
  actionpack (4.0.4) lib/action_dispatch/middleware/reloader.rb:64:in `call'
  actionpack (4.0.4) lib/action_dispatch/middleware/remote_ip.rb:76:in `call'
  actionpack (4.0.4) lib/action_dispatch/middleware/debug_exceptions.rb:17:in `call'
  actionpack (4.0.4) lib/action_dispatch/middleware/show_exceptions.rb:30:in `call'
  railties (4.0.4) lib/rails/rack/logger.rb:38:in `call_app'
  railties (4.0.4) lib/rails/rack/logger.rb:20:in `block in call'
  activesupport (4.0.4) lib/active_support/tagged_logging.rb:68:in `block in tagged'
  activesupport (4.0.4) lib/active_support/tagged_logging.rb:26:in `tagged'
  activesupport (4.0.4) lib/active_support/tagged_logging.rb:68:in `tagged'
  railties (4.0.4) lib/rails/rack/logger.rb:20:in `call'
  actionpack (4.0.4) lib/action_dispatch/middleware/request_id.rb:21:in `call'
  rack (1.5.2) lib/rack/methodoverride.rb:21:in `call'
  rack (1.5.2) lib/rack/runtime.rb:17:in `call'
  activesupport (4.0.4) lib/active_support/cache/strategy/local_cache.rb:83:in `call'
  rack (1.5.2) lib/rack/lock.rb:17:in `call'
  actionpack (4.0.4) lib/action_dispatch/middleware/static.rb:64:in `call'
  rack (1.5.2) lib/rack/sendfile.rb:112:in `call'
  railties (4.0.4) lib/rails/engine.rb:511:in `call'
  railties (4.0.4) lib/rails/application.rb:97:in `call'
  rack (1.5.2) lib/rack/lock.rb:17:in `call'
  rack (1.5.2) lib/rack/content_length.rb:14:in `call'
  rack (1.5.2) lib/rack/handler/webrick.rb:60:in `service'
  /home/me/.rvm/rubies/ruby-2.0.0-p451/lib/ruby/2.0.0/webrick/httpserver.rb:138:in `service'
  /home/me/.rvm/rubies/ruby-2.0.0-p451/lib/ruby/2.0.0/webrick/httpserver.rb:94:in `run'
  /home/me/.rvm/rubies/ruby-2.0.0-p451/lib/ruby/2.0.0/webrick/server.rb:295:in `block in start_thread'


  Rendered /home/me/.rvm/gems/ruby-2.0.0-p451/gems/actionpack-4.0.4/lib/action_dispatch/middleware/templates/rescues/_source.erb (1.3ms)
  Rendered /home/me/.rvm/gems/ruby-2.0.0-p451/gems/actionpack-4.0.4/lib/action_dispatch/middleware/templates/rescues/_trace.erb (2.6ms)
  Rendered /home/me/.rvm/gems/ruby-2.0.0-p451/gems/actionpack-4.0.4/lib/action_dispatch/middleware/templates/rescues/_request_and_response.erb (2.8ms)
  Rendered /home/me/.rvm/gems/ruby-2.0.0-p451/gems/actionpack-4.0.4/lib/action_dispatch/middleware/templates/rescues/diagnostics.erb within rescues/layout (27.8ms)


Started GET "/articles/" for 192.168.0.2 at 2014-04-06 14:11:50 -0400
Processing by ArticlesController#index as HTML
  [1m[35mArticle Load (0.8ms)[0m  SELECT "articles".* FROM "articles"
  Rendered articles/index.html.erb within layouts/application (16.3ms)
Completed 200 OK in 33ms (Views: 25.1ms | ActiveRecord: 1.7ms)


Started GET "/assets/application.css?body=1" for 192.168.0.2 at 2014-04-06 14:11:50 -0400


Started GET "/assets/articles.css?body=1" for 192.168.0.2 at 2014-04-06 14:11:51 -0400


Started GET "/assets/articles.js?body=1" for 192.168.0.2 at 2014-04-06 14:11:51 -0400


Started GET "/assets/welcome.css?body=1" for 192.168.0.2 at 2014-04-06 14:11:51 -0400


Started GET "/assets/jquery.js?body=1" for 192.168.0.2 at 2014-04-06 14:11:51 -0400


Started GET "/assets/jquery_ujs.js?body=1" for 192.168.0.2 at 2014-04-06 14:11:51 -0400


Started GET "/assets/turbolinks.js?body=1" for 192.168.0.2 at 2014-04-06 14:11:51 -0400


Started GET "/assets/application.js?body=1" for 192.168.0.2 at 2014-04-06 14:11:51 -0400


Started GET "/assets/welcome.js?body=1" for 192.168.0.2 at 2014-04-06 14:11:51 -0400


Started GET "/articles/" for 192.168.0.2 at 2014-04-06 14:12:39 -0400
Processing by ArticlesController#index as HTML
  [1m[36mArticle Load (0.4ms)[0m  [1mSELECT "articles".* FROM "articles"[0m
  Rendered articles/index.html.erb within layouts/application (2.4ms)
Completed 200 OK in 14ms (Views: 11.8ms | ActiveRecord: 0.4ms)


Started GET "/assets/application.css?body=1" for 192.168.0.2 at 2014-04-06 14:12:39 -0400


Started GET "/assets/articles.css?body=1" for 192.168.0.2 at 2014-04-06 14:12:39 -0400


Started GET "/assets/welcome.css?body=1" for 192.168.0.2 at 2014-04-06 14:12:39 -0400


Started GET "/assets/jquery.js?body=1" for 192.168.0.2 at 2014-04-06 14:12:39 -0400


Started GET "/assets/turbolinks.js?body=1" for 192.168.0.2 at 2014-04-06 14:12:39 -0400


Started GET "/assets/jquery_ujs.js?body=1" for 192.168.0.2 at 2014-04-06 14:12:39 -0400


Started GET "/assets/articles.js?body=1" for 192.168.0.2 at 2014-04-06 14:12:39 -0400


Started GET "/assets/welcome.js?body=1" for 192.168.0.2 at 2014-04-06 14:12:39 -0400


Started GET "/assets/application.js?body=1" for 192.168.0.2 at 2014-04-06 14:12:39 -0400


Started GET "/articles/new" for 192.168.0.2 at 2014-04-06 14:12:49 -0400
Processing by ArticlesController#new as HTML
  Rendered articles/new.html.erb within layouts/application (4.3ms)
Completed 500 Internal Server Error in 9ms

ActionView::Template::Error (undefined method `errors' for nil:NilClass):
    1: <h1>New Article</h1>
    2: 
    3: <%= form_for :article, url: articles_path do |f| %>
    4:   <% if @article.errors.any? %>
    5:   <div id="error_explanation">
    6:     <h2><%= pluralize(@article.errors.count, "error") %> prohibited
    7:       this article from being saved:</h2>
  app/views/articles/new.html.erb:4:in `block in _app_views_articles_new_html_erb___1091935129359992891_26584200'
  app/views/articles/new.html.erb:3:in `_app_views_articles_new_html_erb___1091935129359992891_26584200'


  Rendered /home/me/.rvm/gems/ruby-2.0.0-p451/gems/actionpack-4.0.4/lib/action_dispatch/middleware/templates/rescues/_trace.erb (2.7ms)
  Rendered /home/me/.rvm/gems/ruby-2.0.0-p451/gems/actionpack-4.0.4/lib/action_dispatch/middleware/templates/rescues/_request_and_response.erb (2.1ms)
  Rendered /home/me/.rvm/gems/ruby-2.0.0-p451/gems/actionpack-4.0.4/lib/action_dispatch/middleware/templates/rescues/template_error.erb within rescues/layout (19.9ms)


Started GET "/articles/new" for 192.168.0.2 at 2014-04-06 14:12:50 -0400
Processing by ArticlesController#new as HTML
  Rendered articles/new.html.erb within layouts/application (3.3ms)
Completed 500 Internal Server Error in 9ms

ActionView::Template::Error (undefined method `errors' for nil:NilClass):
    1: <h1>New Article</h1>
    2: 
    3: <%= form_for :article, url: articles_path do |f| %>
    4:   <% if @article.errors.any? %>
    5:   <div id="error_explanation">
    6:     <h2><%= pluralize(@article.errors.count, "error") %> prohibited
    7:       this article from being saved:</h2>
  app/views/articles/new.html.erb:4:in `block in _app_views_articles_new_html_erb___1091935129359992891_37578220'
  app/views/articles/new.html.erb:3:in `_app_views_articles_new_html_erb___1091935129359992891_37578220'


  Rendered /home/me/.rvm/gems/ruby-2.0.0-p451/gems/actionpack-4.0.4/lib/action_dispatch/middleware/templates/rescues/_trace.erb (2.8ms)
  Rendered /home/me/.rvm/gems/ruby-2.0.0-p451/gems/actionpack-4.0.4/lib/action_dispatch/middleware/templates/rescues/_request_and_response.erb (2.0ms)
  Rendered /home/me/.rvm/gems/ruby-2.0.0-p451/gems/actionpack-4.0.4/lib/action_dispatch/middleware/templates/rescues/template_error.erb within rescues/layout (20.0ms)


Started GET "/articles/new" for 192.168.0.2 at 2014-04-06 14:50:26 -0400
Processing by ArticlesController#new as HTML
  Rendered articles/new.html.erb within layouts/application (2.1ms)
Completed 500 Internal Server Error in 7ms

ActionView::Template::Error (undefined method `errors' for nil:NilClass):
    1: <h1>New Article</h1>
    2: 
    3: <%= form_for :article, url: articles_path do |f| %>
    4:   <% if @article.errors.any? %>
    5:   <div id="error_explanation">
    6:     <h2><%= pluralize(@article.errors.count, "error") %> prohibited
    7:       this article from being saved:</h2>
  app/views/articles/new.html.erb:4:in `block in _app_views_articles_new_html_erb___1091935129359992891_37578220'
  app/views/articles/new.html.erb:3:in `_app_views_articles_new_html_erb___1091935129359992891_37578220'


  Rendered /home/me/.rvm/gems/ruby-2.0.0-p451/gems/actionpack-4.0.4/lib/action_dispatch/middleware/templates/rescues/_trace.erb (2.9ms)
  Rendered /home/me/.rvm/gems/ruby-2.0.0-p451/gems/actionpack-4.0.4/lib/action_dispatch/middleware/templates/rescues/_request_and_response.erb (2.7ms)
  Rendered /home/me/.rvm/gems/ruby-2.0.0-p451/gems/actionpack-4.0.4/lib/action_dispatch/middleware/templates/rescues/template_error.erb within rescues/layout (23.8ms)


Started GET "/articles" for 192.168.0.2 at 2014-04-06 14:50:29 -0400
Processing by ArticlesController#index as HTML
  [1m[35mArticle Load (0.4ms)[0m  SELECT "articles".* FROM "articles"
  Rendered articles/index.html.erb within layouts/application (2.7ms)
Completed 200 OK in 55ms (Views: 52.8ms | ActiveRecord: 0.4ms)


Started GET "/assets/application.css?body=1" for 192.168.0.2 at 2014-04-06 14:50:29 -0400


Started GET "/assets/jquery.js?body=1" for 192.168.0.2 at 2014-04-06 14:50:29 -0400


Started GET "/assets/articles.css?body=1" for 192.168.0.2 at 2014-04-06 14:50:29 -0400


Started GET "/assets/welcome.css?body=1" for 192.168.0.2 at 2014-04-06 14:50:29 -0400


Started GET "/assets/jquery_ujs.js?body=1" for 192.168.0.2 at 2014-04-06 14:50:29 -0400


Started GET "/assets/articles.js?body=1" for 192.168.0.2 at 2014-04-06 14:50:29 -0400


Started GET "/assets/turbolinks.js?body=1" for 192.168.0.2 at 2014-04-06 14:50:29 -0400


Started GET "/assets/welcome.js?body=1" for 192.168.0.2 at 2014-04-06 14:50:29 -0400


Started GET "/assets/application.js?body=1" for 192.168.0.2 at 2014-04-06 14:50:29 -0400


Started GET "/articles/new" for 192.168.0.2 at 2014-04-06 14:50:31 -0400
Processing by ArticlesController#new as HTML
  Rendered articles/new.html.erb within layouts/application (2.0ms)
Completed 500 Internal Server Error in 6ms

ActionView::Template::Error (undefined method `errors' for nil:NilClass):
    1: <h1>New Article</h1>
    2: 
    3: <%= form_for :article, url: articles_path do |f| %>
    4:   <% if @article.errors.any? %>
    5:   <div id="error_explanation">
    6:     <h2><%= pluralize(@article.errors.count, "error") %> prohibited
    7:       this article from being saved:</h2>
  app/views/articles/new.html.erb:4:in `block in _app_views_articles_new_html_erb___1091935129359992891_26584200'
  app/views/articles/new.html.erb:3:in `_app_views_articles_new_html_erb___1091935129359992891_26584200'


  Rendered /home/me/.rvm/gems/ruby-2.0.0-p451/gems/actionpack-4.0.4/lib/action_dispatch/middleware/templates/rescues/_trace.erb (3.7ms)
  Rendered /home/me/.rvm/gems/ruby-2.0.0-p451/gems/actionpack-4.0.4/lib/action_dispatch/middleware/templates/rescues/_request_and_response.erb (2.1ms)
  Rendered /home/me/.rvm/gems/ruby-2.0.0-p451/gems/actionpack-4.0.4/lib/action_dispatch/middleware/templates/rescues/template_error.erb within rescues/layout (22.2ms)


Started GET "/articles/new" for 192.168.0.2 at 2014-04-06 14:50:31 -0400
Processing by ArticlesController#new as HTML
  Rendered articles/new.html.erb within layouts/application (2.0ms)
Completed 500 Internal Server Error in 7ms

ActionView::Template::Error (undefined method `errors' for nil:NilClass):
    1: <h1>New Article</h1>
    2: 
    3: <%= form_for :article, url: articles_path do |f| %>
    4:   <% if @article.errors.any? %>
    5:   <div id="error_explanation">
    6:     <h2><%= pluralize(@article.errors.count, "error") %> prohibited
    7:       this article from being saved:</h2>
  app/views/articles/new.html.erb:4:in `block in _app_views_articles_new_html_erb___1091935129359992891_37578220'
  app/views/articles/new.html.erb:3:in `_app_views_articles_new_html_erb___1091935129359992891_37578220'


  Rendered /home/me/.rvm/gems/ruby-2.0.0-p451/gems/actionpack-4.0.4/lib/action_dispatch/middleware/templates/rescues/_trace.erb (3.0ms)
  Rendered /home/me/.rvm/gems/ruby-2.0.0-p451/gems/actionpack-4.0.4/lib/action_dispatch/middleware/templates/rescues/_request_and_response.erb (2.2ms)
  Rendered /home/me/.rvm/gems/ruby-2.0.0-p451/gems/actionpack-4.0.4/lib/action_dispatch/middleware/templates/rescues/template_error.erb within rescues/layout (20.5ms)
